2025-02-27 15:28:24,380 - __main__ - INFO - 启动 TG-Notion 自动化机器人
2025-02-27 15:28:24,380 - __main__ - ERROR - 启动机器人时出错：name 'TELEGRAM_TOKEN' is not defined
2025-02-27 15:28:58,644 - __main__ - INFO - 启动 TG-Notion 自动化机器人
2025-02-27 15:28:58,645 - __main__ - INFO - 已安排周报生成任务：每Sunday晚20:00
2025-02-27 15:28:58,645 - __main__ - INFO - 启动机器人...
2025-02-27 15:28:58,646 - apscheduler.scheduler - INFO - Scheduler started
2025-02-27 15:31:38,698 - telegram.ext.updater - INFO - Received signal 2 (SIGINT), stopping...
2025-02-27 15:31:38,700 - apscheduler.scheduler - INFO - Scheduler has been shut down
2025-02-27 15:34:26,247 - __main__ - INFO - 启动 TG-Notion 自动化机器人
2025-02-27 15:34:26,248 - __main__ - INFO - 已安排周报生成任务：每Sunday晚20:00
2025-02-27 15:34:26,248 - __main__ - INFO - 启动机器人...
2025-02-27 15:34:26,248 - apscheduler.scheduler - INFO - Scheduler started
2025-02-27 15:36:35,145 - telegram.ext.updater - INFO - Received signal 2 (SIGINT), stopping...
2025-02-27 15:36:35,148 - apscheduler.scheduler - INFO - Scheduler has been shut down
2025-02-27 15:43:38,361 - __main__ - INFO - 启动 TG-Notion 自动化机器人
2025-02-27 15:43:38,362 - __main__ - INFO - 已安排周报生成任务：每Sunday晚20:00
2025-02-27 15:43:38,362 - __main__ - INFO - 启动机器人...
2025-02-27 15:43:38,362 - apscheduler.scheduler - INFO - Scheduler started
2025-02-27 15:46:57,343 - telegram.ext.updater - INFO - Received signal 2 (SIGINT), stopping...
2025-02-27 15:46:57,346 - apscheduler.scheduler - INFO - Scheduler has been shut down
2025-02-27 15:46:59,863 - __main__ - INFO - 等待调度器线程停止...
